<?xml version="1.0" encoding="UTF-8"?>
<!-- Generated by org.testng.reporters.JUnitXMLReporter -->
<testsuite ignored="0" hostname="dtvinh" failures="0" tests="3" name="Command line test" time="24.706" errors="0" timestamp="2022-09-15T17:38:00 ICT">
  <testcase classname="TestCases.LogInTest" name="TC_0001_LogInWithValidUsernameAndPassword" time="7.841"/>
  <testcase classname="TestCases.LogInTest" name="TC_0002_LogInWithInvalidUsername" time="2.281"/>
  <testcase classname="TestCases.LogInTest" name="TC_0003_LogInWithInvalidPassword" time="2.243"/>
</testsuite> <!-- Command line test -->
