<?xml version="1.0" encoding="UTF-8"?>
<testng-results ignored="0" total="3" passed="3" failed="0" skipped="0">
  <reporter-output>
  </reporter-output>
  <suite started-at="2022-09-15T17:37:35 ICT" name="Command line suite" finished-at="2022-09-15T17:38:00 ICT" duration-ms="24706">
    <groups>
    </groups>
    <test started-at="2022-09-15T17:37:35 ICT" name="Command line test" finished-at="2022-09-15T17:38:00 ICT" duration-ms="24706">
      <class name="TestCases.LogInTest">
        <test-method is-config="true" signature="clearAllOldOutput()[pri:0, instance:TestCases.LogInTest@5d0a1059]" started-at="2022-09-15T17:37:35 ICT" name="clearAllOldOutput" finished-at="2022-09-15T17:37:35 ICT" duration-ms="87" status="PASS">
          <reporter-output>
          </reporter-output>
        </test-method> <!-- clearAllOldOutput -->
        <test-method is-config="true" signature="setupTest()[pri:0, instance:TestCases.LogInTest@5d0a1059]" started-at="2022-09-15T17:37:36 ICT" name="setupTest" finished-at="2022-09-15T17:37:46 ICT" duration-ms="10483" status="PASS">
          <reporter-output>
          </reporter-output>
        </test-method> <!-- setupTest -->
        <test-method signature="TC_0001_LogInWithValidUsernameAndPassword()[pri:0, instance:TestCases.LogInTest@5d0a1059]" started-at="2022-09-15T17:37:46 ICT" name="TC_0001_LogInWithValidUsernameAndPassword" description="Log In with the valid username and password" finished-at="2022-09-15T17:37:54 ICT" duration-ms="7841" status="PASS">
          <reporter-output>
          </reporter-output>
        </test-method> <!-- TC_0001_LogInWithValidUsernameAndPassword -->
        <test-method signature="TC_0002_LogInWithInvalidUsername()[pri:0, instance:TestCases.LogInTest@5d0a1059]" started-at="2022-09-15T17:37:54 ICT" name="TC_0002_LogInWithInvalidUsername" description="Log In with the invalid username but correct password" finished-at="2022-09-15T17:37:57 ICT" duration-ms="2281" status="PASS">
          <reporter-output>
          </reporter-output>
        </test-method> <!-- TC_0002_LogInWithInvalidUsername -->
        <test-method signature="TC_0003_LogInWithInvalidPassword(java.lang.reflect.Method)[pri:0, instance:TestCases.LogInTest@5d0a1059]" started-at="2022-09-15T17:37:57 ICT" name="TC_0003_LogInWithInvalidPassword" description="Log In with the valid user name but wrong password" finished-at="2022-09-15T17:37:59 ICT" duration-ms="2243" status="PASS">
          <params>
            <param index="0">
              <value>
                <![CDATA[public void TestCases.LogInTest.TC_0003_LogInWithInvalidPassword(java.lang.reflect.Method) throws java.lang.Exception]]>
              </value>
            </param>
          </params>
          <reporter-output>
          </reporter-output>
        </test-method> <!-- TC_0003_LogInWithInvalidPassword -->
        <test-method is-config="true" signature="clearTest()[pri:0, instance:TestCases.LogInTest@5d0a1059]" started-at="2022-09-15T17:37:59 ICT" name="clearTest" finished-at="2022-09-15T17:38:00 ICT" duration-ms="997" status="PASS">
          <reporter-output>
          </reporter-output>
        </test-method> <!-- clearTest -->
      </class> <!-- TestCases.LogInTest -->
    </test> <!-- Command line test -->
  </suite> <!-- Command line suite -->
</testng-results>
